<?xml version="1.0" encoding="UTF-8"?>
<!-- Generated by org.testng.reporters.JUnitXMLReporter -->
<testsuite hostname="DESKTOP-KN642OP" ignored="0" name="Test" tests="1" failures="0" timestamp="2022-03-22T12:11:35 IST" time="0.268" errors="0">
  <testcase name="@BeforeTest init" time="0.015" classname="BrokenLinks.BrokenLinks.BrokenLinksTest">
    <failure type="java.lang.NullPointerException">
      <![CDATA[java.lang.NullPointerException
at BrokenLinks.BrokenLinks.BrokenLinksTest.init(BrokenLinksTest.java:12)
... Removed 24 stack frames]]>
    </failure>
  </testcase> <!-- @BeforeTest init -->
  <testcase name="doTest" time="0.0" classname="BrokenLinks.BrokenLinks.BrokenLinksTest">
    <skipped/>
  </testcase> <!-- doTest -->
</testsuite> <!-- Test -->
