<?xml version="1.0" encoding="UTF-8"?>
<testng-results skipped="0" failed="0" ignored="0" total="1" passed="1">
  <reporter-output>
  </reporter-output>
  <suite name="Default suite" duration-ms="25860" started-at="2022-03-22T12:40:32 IST" finished-at="2022-03-22T12:40:58 IST">
    <groups>
    </groups>
    <test name="Default test" duration-ms="25860" started-at="2022-03-22T12:40:32 IST" finished-at="2022-03-22T12:40:58 IST">
      <class name="BrokenLinks.BrokenLinks.BrokenImageTest">
        <test-method status="PASS" signature="init()[pri:0, instance:BrokenLinks.BrokenLinks.BrokenImageTest@4fb64261]" name="init" is-config="true" duration-ms="13276" started-at="2022-03-22T12:40:32 IST" finished-at="2022-03-22T12:40:45 IST">
          <reporter-output>
          </reporter-output>
        </test-method> <!-- init -->
        <test-method status="PASS" signature="doTest()[pri:0, instance:BrokenLinks.BrokenLinks.BrokenImageTest@4fb64261]" name="doTest" duration-ms="10914" started-at="2022-03-22T12:40:45 IST" finished-at="2022-03-22T12:40:56 IST">
          <reporter-output>
          </reporter-output>
        </test-method> <!-- doTest -->
        <test-method status="PASS" signature="tearDown()[pri:0, instance:BrokenLinks.BrokenLinks.BrokenImageTest@4fb64261]" name="tearDown" is-config="true" duration-ms="1518" started-at="2022-03-22T12:40:56 IST" finished-at="2022-03-22T12:40:58 IST">
          <reporter-output>
          </reporter-output>
        </test-method> <!-- tearDown -->
      </class> <!-- BrokenLinks.BrokenLinks.BrokenImageTest -->
    </test> <!-- Default test -->
  </suite> <!-- Default suite -->
</testng-results>
